2022-10-20 09:41:15.444  INFO 10712 --- [restartedMain] com.Howard.CaseStudy1Application         : Starting CaseStudy1Application using Java 17.0.3 on DESKTOP-DB0LMFE with PID 10712 (D:\Gary Howard\Documents\SpringWorkspace\Howard_Gary_CollectionManager_CaseStudy\target\classes started by Gary Howard in D:\Gary Howard\Documents\SpringWorkspace\Howard_Gary_CollectionManager_CaseStudy)
2022-10-20 09:41:15.445  INFO 10712 --- [restartedMain] com.Howard.CaseStudy1Application         : No active profile set, falling back to 1 default profile: "default"
2022-10-20 09:41:15.501  INFO 10712 --- [restartedMain] .e.DevToolsPropertyDefaultsPostProcessor : Devtools property defaults active! Set 'spring.devtools.add-properties' to 'false' to disable
2022-10-20 09:41:15.501  INFO 10712 --- [restartedMain] .e.DevToolsPropertyDefaultsPostProcessor : For additional web related logging consider setting the 'logging.level.web' property to 'DEBUG'
2022-10-20 09:41:16.194  INFO 10712 --- [restartedMain] .s.d.r.c.RepositoryConfigurationDelegate : Bootstrapping Spring Data JPA repositories in DEFAULT mode.
2022-10-20 09:41:16.261  INFO 10712 --- [restartedMain] .s.d.r.c.RepositoryConfigurationDelegate : Finished Spring Data repository scanning in 58 ms. Found 6 JPA repository interfaces.
2022-10-20 09:41:17.043  INFO 10712 --- [restartedMain] o.s.b.w.embedded.tomcat.TomcatWebServer  : Tomcat initialized with port(s): 8080 (http)
2022-10-20 09:41:17.060  INFO 10712 --- [restartedMain] o.apache.catalina.core.StandardService   : Starting service [Tomcat]
2022-10-20 09:41:17.060  INFO 10712 --- [restartedMain] org.apache.catalina.core.StandardEngine  : Starting Servlet engine: [Apache Tomcat/9.0.65]
2022-10-20 09:41:17.176  INFO 10712 --- [restartedMain] o.a.c.c.C.[Tomcat].[localhost].[/]       : Initializing Spring embedded WebApplicationContext
2022-10-20 09:41:17.176  INFO 10712 --- [restartedMain] w.s.c.ServletWebServerApplicationContext : Root WebApplicationContext: initialization completed in 1674 ms
2022-10-20 09:41:17.396  INFO 10712 --- [restartedMain] o.hibernate.jpa.internal.util.LogHelper  : HHH000204: Processing PersistenceUnitInfo [name: default]
2022-10-20 09:41:17.451  INFO 10712 --- [restartedMain] org.hibernate.Version                    : HHH000412: Hibernate ORM core version 5.6.11.Final
2022-10-20 09:41:17.616  INFO 10712 --- [restartedMain] o.hibernate.annotations.common.Version   : HCANN000001: Hibernate Commons Annotations {5.1.2.Final}
2022-10-20 09:41:17.725  INFO 10712 --- [restartedMain] com.zaxxer.hikari.HikariDataSource       : HikariPool-1 - Starting...
2022-10-20 09:41:17.907  INFO 10712 --- [restartedMain] com.zaxxer.hikari.HikariDataSource       : HikariPool-1 - Start completed.
2022-10-20 09:41:17.926  INFO 10712 --- [restartedMain] org.hibernate.dialect.Dialect            : HHH000400: Using dialect: org.hibernate.dialect.MariaDBDialect
2022-10-20 09:41:17.968  INFO 10712 --- [restartedMain] o.h.e.boot.internal.EnversServiceImpl    : Envers integration enabled? : true
2022-10-20 09:41:19.486  INFO 10712 --- [restartedMain] o.h.e.t.j.p.i.JtaPlatformInitiator       : HHH000490: Using JtaPlatform implementation: [org.hibernate.engine.transaction.jta.platform.internal.NoJtaPlatform]
2022-10-20 09:41:19.498  INFO 10712 --- [restartedMain] j.LocalContainerEntityManagerFactoryBean : Initialized JPA EntityManagerFactory for persistence unit 'default'
2022-10-20 09:41:20.235  INFO 10712 --- [restartedMain] o.s.s.web.DefaultSecurityFilterChain     : Will secure any request with [org.springframework.security.web.session.DisableEncodeUrlFilter@293c08f9, org.springframework.security.web.context.request.async.WebAsyncManagerIntegrationFilter@3dc01106, org.springframework.security.web.context.SecurityContextPersistenceFilter@50a332f6, org.springframework.security.web.header.HeaderWriterFilter@3b274351, org.springframework.security.web.authentication.logout.LogoutFilter@f6d5eab, org.springframework.security.web.authentication.UsernamePasswordAuthenticationFilter@4b8c170d, org.springframework.security.web.savedrequest.RequestCacheAwareFilter@320c73a3, org.springframework.security.web.servletapi.SecurityContextHolderAwareRequestFilter@50a60fa2, org.springframework.security.web.authentication.AnonymousAuthenticationFilter@165f4dcc, org.springframework.security.web.session.SessionManagementFilter@126e8f3f, org.springframework.security.web.access.ExceptionTranslationFilter@21fee2ec, org.springframework.security.web.access.intercept.FilterSecurityInterceptor@115359af]
2022-10-20 09:41:20.283  WARN 10712 --- [restartedMain] JpaBaseConfiguration$JpaWebConfiguration : spring.jpa.open-in-view is enabled by default. Therefore, database queries may be performed during view rendering. Explicitly configure spring.jpa.open-in-view to disable this warning
2022-10-20 09:41:20.674  INFO 10712 --- [restartedMain] o.s.b.d.a.OptionalLiveReloadServer       : LiveReload server is running on port 35729
2022-10-20 09:41:20.721  INFO 10712 --- [restartedMain] o.s.b.w.embedded.tomcat.TomcatWebServer  : Tomcat started on port(s): 8080 (http) with context path ''
2022-10-20 09:41:20.731  INFO 10712 --- [restartedMain] com.Howard.CaseStudy1Application         : Started CaseStudy1Application in 5.878 seconds (JVM running for 6.798)
2022-10-20 09:42:02.034  INFO 10712 --- [http-nio-8080-exec-1] o.a.c.c.C.[Tomcat].[localhost].[/]       : Initializing Spring DispatcherServlet 'dispatcherServlet'
2022-10-20 09:42:02.034  INFO 10712 --- [http-nio-8080-exec-1] o.s.web.servlet.DispatcherServlet        : Initializing Servlet 'dispatcherServlet'
2022-10-20 09:42:02.035  INFO 10712 --- [http-nio-8080-exec-1] o.s.web.servlet.DispatcherServlet        : Completed initialization in 0 ms
2022-10-20 09:42:02.073  INFO 10712 --- [http-nio-8080-exec-1] com.Howard.controller.UserController     : Base url redirect
2022-10-20 09:42:10.821  INFO 10712 --- [http-nio-8080-exec-7] c.H.service.UserServiceImplementation    : finding user with email Dude@dude.bro
2022-10-20 09:42:11.009  INFO 10712 --- [http-nio-8080-exec-7] c.H.service.UserServiceImplementation    : found user Dude@dude.bro with password $2a$10$.igG0Een8Zff3rZEPz4yEOWM5Ikp7XfUQHMHCnKqOpi3Gq5YJoy3e
2022-10-20 09:42:11.146  INFO 10712 --- [http-nio-8080-exec-8] c.H.service.UserServiceImplementation    : finding user with email Dude@dude.bro
2022-10-20 09:42:11.162  INFO 10712 --- [http-nio-8080-exec-8] c.H.controller.InventoriesController     : Getting Inventorys page 0 of 1
2022-10-20 09:42:11.162  INFO 10712 --- [http-nio-8080-exec-8] c.H.s.ItemTypeServiceImplementation      : finding all types for user Dude@dude.bro
2022-10-20 09:44:15.656  INFO 10712 --- [http-nio-8080-exec-5] c.H.service.UserServiceImplementation    : finding user with email Dude@dude.bro
2022-10-20 09:44:15.661  INFO 10712 --- [http-nio-8080-exec-5] c.H.controller.InventoriesController     : Getting Inventorys page 0 of 1
2022-10-20 09:44:15.661  INFO 10712 --- [http-nio-8080-exec-5] c.H.s.ItemTypeServiceImplementation      : finding all types for user Dude@dude.bro
2022-10-20 09:44:37.048  INFO 10712 --- [http-nio-8080-exec-6] c.H.service.UserServiceImplementation    : finding user with email Dude@dude.bro
2022-10-20 09:44:37.053  INFO 10712 --- [http-nio-8080-exec-6] c.H.controller.InventoriesController     : Getting Inventorys page 0 of 1
2022-10-20 09:44:37.053  INFO 10712 --- [http-nio-8080-exec-6] c.H.s.ItemTypeServiceImplementation      : finding all types for user Dude@dude.bro
2022-10-20 09:45:01.410  INFO 10712 --- [http-nio-8080-exec-8] c.H.service.UserServiceImplementation    : finding user with email Dude@dude.bro
2022-10-20 09:45:01.420  INFO 10712 --- [http-nio-8080-exec-8] c.H.controller.InventoriesController     : Getting Inventorys page 0 of 1
2022-10-20 09:45:01.421  INFO 10712 --- [http-nio-8080-exec-8] c.H.s.ItemTypeServiceImplementation      : finding all types for user Dude@dude.bro
2022-10-20 09:45:56.670  INFO 10712 --- [File Watcher] rtingClassPathChangeChangedEventListener : Restarting due to 1 class path change (0 additions, 0 deletions, 1 modification)
2022-10-20 09:45:56.686  INFO 10712 --- [Thread-5] o.apache.catalina.core.StandardService   : Stopping service [Tomcat]
2022-10-20 09:45:56.688  INFO 10712 --- [Thread-5] o.a.c.c.C.[Tomcat].[localhost].[/]       : Destroying Spring FrameworkServlet 'dispatcherServlet'
2022-10-20 09:45:56.696  INFO 10712 --- [Thread-5] j.LocalContainerEntityManagerFactoryBean : Closing JPA EntityManagerFactory for persistence unit 'default'
2022-10-20 09:45:56.699  INFO 10712 --- [Thread-5] com.zaxxer.hikari.HikariDataSource       : HikariPool-1 - Shutdown initiated...
2022-10-20 09:45:56.717  INFO 10712 --- [Thread-5] com.zaxxer.hikari.HikariDataSource       : HikariPool-1 - Shutdown completed.
