2022-11-07 10:39:59.377  INFO 11604 --- [main] rd_Gary_CollectionManager_CaseStudyTests : Starting Howard_Gary_CollectionManager_CaseStudyTests using Java 17.0.3 on DESKTOP-DB0LMFE with PID 11604 (started by Gary Howard in D:\Gary Howard\Documents\SpringWorkspace\Howard_Gary_CollectionManager_CaseStudy)
2022-11-07 10:39:59.390  INFO 11604 --- [main] rd_Gary_CollectionManager_CaseStudyTests : No active profile set, falling back to 1 default profile: "default"
2022-11-07 10:40:00.564  INFO 11604 --- [main] .s.d.r.c.RepositoryConfigurationDelegate : Bootstrapping Spring Data JPA repositories in DEFAULT mode.
2022-11-07 10:40:00.678  INFO 11604 --- [main] .s.d.r.c.RepositoryConfigurationDelegate : Finished Spring Data repository scanning in 93 ms. Found 6 JPA repository interfaces.
2022-11-07 10:40:01.627  INFO 11604 --- [main] o.hibernate.jpa.internal.util.LogHelper  : HHH000204: Processing PersistenceUnitInfo [name: default]
2022-11-07 10:40:01.784  INFO 11604 --- [main] org.hibernate.Version                    : HHH000412: Hibernate ORM core version 5.6.11.Final
2022-11-07 10:40:02.133  INFO 11604 --- [main] o.hibernate.annotations.common.Version   : HCANN000001: Hibernate Commons Annotations {5.1.2.Final}
2022-11-07 10:40:02.450  INFO 11604 --- [main] com.zaxxer.hikari.HikariDataSource       : HikariPool-1 - Starting...
2022-11-07 10:40:02.885  INFO 11604 --- [main] com.zaxxer.hikari.HikariDataSource       : HikariPool-1 - Start completed.
2022-11-07 10:40:02.932  INFO 11604 --- [main] org.hibernate.dialect.Dialect            : HHH000400: Using dialect: org.hibernate.dialect.MariaDBDialect
2022-11-07 10:40:02.989  INFO 11604 --- [main] o.h.e.boot.internal.EnversServiceImpl    : Envers integration enabled? : true
2022-11-07 10:40:05.144  INFO 11604 --- [main] o.h.e.t.j.p.i.JtaPlatformInitiator       : HHH000490: Using JtaPlatform implementation: [org.hibernate.engine.transaction.jta.platform.internal.NoJtaPlatform]
2022-11-07 10:40:05.156  INFO 11604 --- [main] j.LocalContainerEntityManagerFactoryBean : Initialized JPA EntityManagerFactory for persistence unit 'default'
2022-11-07 10:40:06.912  INFO 11604 --- [main] o.s.s.web.DefaultSecurityFilterChain     : Will secure any request with [org.springframework.security.web.session.DisableEncodeUrlFilter@74159dc9, org.springframework.security.web.context.request.async.WebAsyncManagerIntegrationFilter@53086bdc, org.springframework.security.web.context.SecurityContextPersistenceFilter@54816d7a, org.springframework.security.web.header.HeaderWriterFilter@178c4480, org.springframework.security.web.authentication.logout.LogoutFilter@5aec151b, org.springframework.security.web.authentication.UsernamePasswordAuthenticationFilter@321558f8, org.springframework.security.web.savedrequest.RequestCacheAwareFilter@4552e288, org.springframework.security.web.servletapi.SecurityContextHolderAwareRequestFilter@1a67bde5, org.springframework.security.web.authentication.AnonymousAuthenticationFilter@254210b1, org.springframework.security.web.session.SessionManagementFilter@5980e29f, org.springframework.security.web.access.ExceptionTranslationFilter@775fec4, org.springframework.security.web.access.intercept.FilterSecurityInterceptor@53cb9b1]
2022-11-07 10:40:07.355  WARN 11604 --- [main] JpaBaseConfiguration$JpaWebConfiguration : spring.jpa.open-in-view is enabled by default. Therefore, database queries may be performed during view rendering. Explicitly configure spring.jpa.open-in-view to disable this warning
2022-11-07 10:40:08.411  INFO 11604 --- [main] rd_Gary_CollectionManager_CaseStudyTests : Started Howard_Gary_CollectionManager_CaseStudyTests in 9.477 seconds (JVM running for 12.027)
2022-11-07 10:40:09.631  INFO 11604 --- [SpringApplicationShutdownHook] j.LocalContainerEntityManagerFactoryBean : Closing JPA EntityManagerFactory for persistence unit 'default'
2022-11-07 10:40:09.633  INFO 11604 --- [SpringApplicationShutdownHook] com.zaxxer.hikari.HikariDataSource       : HikariPool-1 - Shutdown initiated...
2022-11-07 10:40:09.668  INFO 11604 --- [SpringApplicationShutdownHook] com.zaxxer.hikari.HikariDataSource       : HikariPool-1 - Shutdown completed.
2022-11-07 10:40:33.417  INFO 15000 --- [restartedMain] com.Howard.CaseStudy1Application         : Starting CaseStudy1Application using Java 17.0.3 on DESKTOP-DB0LMFE with PID 15000 (D:\Gary Howard\Documents\SpringWorkspace\Howard_Gary_CollectionManager_CaseStudy\target\classes started by Gary Howard in D:\Gary Howard\Documents\SpringWorkspace\Howard_Gary_CollectionManager_CaseStudy)
2022-11-07 10:40:33.418  INFO 15000 --- [restartedMain] com.Howard.CaseStudy1Application         : No active profile set, falling back to 1 default profile: "default"
2022-11-07 10:40:33.470  INFO 15000 --- [restartedMain] .e.DevToolsPropertyDefaultsPostProcessor : Devtools property defaults active! Set 'spring.devtools.add-properties' to 'false' to disable
2022-11-07 10:40:33.470  INFO 15000 --- [restartedMain] .e.DevToolsPropertyDefaultsPostProcessor : For additional web related logging consider setting the 'logging.level.web' property to 'DEBUG'
2022-11-07 10:40:34.100  INFO 15000 --- [restartedMain] .s.d.r.c.RepositoryConfigurationDelegate : Bootstrapping Spring Data JPA repositories in DEFAULT mode.
2022-11-07 10:40:34.186  INFO 15000 --- [restartedMain] .s.d.r.c.RepositoryConfigurationDelegate : Finished Spring Data repository scanning in 76 ms. Found 6 JPA repository interfaces.
2022-11-07 10:40:34.817  INFO 15000 --- [restartedMain] o.s.b.w.embedded.tomcat.TomcatWebServer  : Tomcat initialized with port(s): 8080 (http)
2022-11-07 10:40:34.833  INFO 15000 --- [restartedMain] o.apache.catalina.core.StandardService   : Starting service [Tomcat]
2022-11-07 10:40:34.833  INFO 15000 --- [restartedMain] org.apache.catalina.core.StandardEngine  : Starting Servlet engine: [Apache Tomcat/9.0.65]
2022-11-07 10:40:34.928  INFO 15000 --- [restartedMain] o.a.c.c.C.[Tomcat].[localhost].[/]       : Initializing Spring embedded WebApplicationContext
2022-11-07 10:40:34.929  INFO 15000 --- [restartedMain] w.s.c.ServletWebServerApplicationContext : Root WebApplicationContext: initialization completed in 1459 ms
2022-11-07 10:40:35.174  INFO 15000 --- [restartedMain] o.hibernate.jpa.internal.util.LogHelper  : HHH000204: Processing PersistenceUnitInfo [name: default]
2022-11-07 10:40:35.237  INFO 15000 --- [restartedMain] org.hibernate.Version                    : HHH000412: Hibernate ORM core version 5.6.11.Final
2022-11-07 10:40:35.409  INFO 15000 --- [restartedMain] o.hibernate.annotations.common.Version   : HCANN000001: Hibernate Commons Annotations {5.1.2.Final}
2022-11-07 10:40:35.518  INFO 15000 --- [restartedMain] com.zaxxer.hikari.HikariDataSource       : HikariPool-1 - Starting...
2022-11-07 10:40:35.589  INFO 15000 --- [restartedMain] com.zaxxer.hikari.HikariDataSource       : HikariPool-1 - Start completed.
2022-11-07 10:40:35.609  INFO 15000 --- [restartedMain] org.hibernate.dialect.Dialect            : HHH000400: Using dialect: org.hibernate.dialect.MariaDBDialect
2022-11-07 10:40:35.652  INFO 15000 --- [restartedMain] o.h.e.boot.internal.EnversServiceImpl    : Envers integration enabled? : true
2022-11-07 10:40:36.881  INFO 15000 --- [restartedMain] o.h.e.t.j.p.i.JtaPlatformInitiator       : HHH000490: Using JtaPlatform implementation: [org.hibernate.engine.transaction.jta.platform.internal.NoJtaPlatform]
2022-11-07 10:40:36.891  INFO 15000 --- [restartedMain] j.LocalContainerEntityManagerFactoryBean : Initialized JPA EntityManagerFactory for persistence unit 'default'
2022-11-07 10:40:37.633  INFO 15000 --- [restartedMain] o.s.s.web.DefaultSecurityFilterChain     : Will secure any request with [org.springframework.security.web.session.DisableEncodeUrlFilter@262e68a0, org.springframework.security.web.context.request.async.WebAsyncManagerIntegrationFilter@34774f0f, org.springframework.security.web.context.SecurityContextPersistenceFilter@361257cc, org.springframework.security.web.header.HeaderWriterFilter@15ba6bfb, org.springframework.security.web.authentication.logout.LogoutFilter@1f2e903c, org.springframework.security.web.authentication.UsernamePasswordAuthenticationFilter@40245ce, org.springframework.security.web.savedrequest.RequestCacheAwareFilter@29a1a4b2, org.springframework.security.web.servletapi.SecurityContextHolderAwareRequestFilter@515b2845, org.springframework.security.web.authentication.AnonymousAuthenticationFilter@224d407a, org.springframework.security.web.session.SessionManagementFilter@12d53652, org.springframework.security.web.access.ExceptionTranslationFilter@64608fde, org.springframework.security.web.access.intercept.FilterSecurityInterceptor@7250a47e]
2022-11-07 10:40:37.681  WARN 15000 --- [restartedMain] JpaBaseConfiguration$JpaWebConfiguration : spring.jpa.open-in-view is enabled by default. Therefore, database queries may be performed during view rendering. Explicitly configure spring.jpa.open-in-view to disable this warning
2022-11-07 10:40:38.141  INFO 15000 --- [restartedMain] o.s.b.d.a.OptionalLiveReloadServer       : LiveReload server is running on port 35729
2022-11-07 10:40:38.190  INFO 15000 --- [restartedMain] o.s.b.w.embedded.tomcat.TomcatWebServer  : Tomcat started on port(s): 8080 (http) with context path ''
2022-11-07 10:40:38.200  INFO 15000 --- [restartedMain] com.Howard.CaseStudy1Application         : Started CaseStudy1Application in 5.243 seconds (JVM running for 6.032)
2022-11-07 10:41:06.751  INFO 15000 --- [http-nio-8080-exec-1] o.a.c.c.C.[Tomcat].[localhost].[/]       : Initializing Spring DispatcherServlet 'dispatcherServlet'
2022-11-07 10:41:06.751  INFO 15000 --- [http-nio-8080-exec-1] o.s.web.servlet.DispatcherServlet        : Initializing Servlet 'dispatcherServlet'
2022-11-07 10:41:06.752  INFO 15000 --- [http-nio-8080-exec-1] o.s.web.servlet.DispatcherServlet        : Completed initialization in 1 ms
2022-11-07 10:41:06.791  INFO 15000 --- [http-nio-8080-exec-1] com.Howard.controller.UserController     : Base url redirect
2022-11-07 10:41:12.782  INFO 15000 --- [http-nio-8080-exec-7] c.H.service.UserServiceImplementation    : finding user with email Dude@dude.bro
2022-11-07 10:41:12.956  INFO 15000 --- [http-nio-8080-exec-7] c.H.service.UserServiceImplementation    : found user Dude@dude.bro with password $2a$10$.igG0Een8Zff3rZEPz4yEOWM5Ikp7XfUQHMHCnKqOpi3Gq5YJoy3e
2022-11-07 10:41:13.099  INFO 15000 --- [http-nio-8080-exec-9] c.H.service.UserServiceImplementation    : finding user with email Dude@dude.bro
2022-11-07 10:41:13.119  INFO 15000 --- [http-nio-8080-exec-9] c.H.controller.InventoriesController     : Getting Inventorys page 0 of 2
2022-11-07 10:41:13.120  INFO 15000 --- [http-nio-8080-exec-9] c.H.s.ItemTypeServiceImplementation      : finding all types for user Dude@dude.bro
2022-11-07 10:44:06.365  INFO 15000 --- [File Watcher] rtingClassPathChangeChangedEventListener : Restarting due to 1 class path change (0 additions, 0 deletions, 1 modification)
2022-11-07 10:44:06.389  INFO 15000 --- [Thread-5] o.apache.catalina.core.StandardService   : Stopping service [Tomcat]
2022-11-07 10:44:06.393  INFO 15000 --- [Thread-5] o.a.c.c.C.[Tomcat].[localhost].[/]       : Destroying Spring FrameworkServlet 'dispatcherServlet'
2022-11-07 10:44:06.414  INFO 15000 --- [Thread-5] j.LocalContainerEntityManagerFactoryBean : Closing JPA EntityManagerFactory for persistence unit 'default'
2022-11-07 10:44:06.424  INFO 15000 --- [Thread-5] com.zaxxer.hikari.HikariDataSource       : HikariPool-1 - Shutdown initiated...
2022-11-07 10:44:06.432  INFO 15000 --- [Thread-5] com.zaxxer.hikari.HikariDataSource       : HikariPool-1 - Shutdown completed.
2022-11-07 10:44:06.567  INFO 15000 --- [restartedMain] com.Howard.CaseStudy1Application         : Starting CaseStudy1Application using Java 17.0.3 on DESKTOP-DB0LMFE with PID 15000 (D:\Gary Howard\Documents\SpringWorkspace\Howard_Gary_CollectionManager_CaseStudy\target\classes started by Gary Howard in D:\Gary Howard\Documents\SpringWorkspace\Howard_Gary_CollectionManager_CaseStudy)
2022-11-07 10:44:06.567  INFO 15000 --- [restartedMain] com.Howard.CaseStudy1Application         : No active profile set, falling back to 1 default profile: "default"
2022-11-07 10:44:06.889  INFO 15000 --- [restartedMain] .s.d.r.c.RepositoryConfigurationDelegate : Bootstrapping Spring Data JPA repositories in DEFAULT mode.
2022-11-07 10:44:06.945  INFO 15000 --- [restartedMain] .s.d.r.c.RepositoryConfigurationDelegate : Finished Spring Data repository scanning in 55 ms. Found 6 JPA repository interfaces.
2022-11-07 10:44:07.053  INFO 15000 --- [restartedMain] o.s.b.w.embedded.tomcat.TomcatWebServer  : Tomcat initialized with port(s): 8080 (http)
2022-11-07 10:44:07.053  INFO 15000 --- [restartedMain] o.apache.catalina.core.StandardService   : Starting service [Tomcat]
2022-11-07 10:44:07.054  INFO 15000 --- [restartedMain] org.apache.catalina.core.StandardEngine  : Starting Servlet engine: [Apache Tomcat/9.0.65]
2022-11-07 10:44:07.082  INFO 15000 --- [restartedMain] o.a.c.c.C.[Tomcat].[localhost].[/]       : Initializing Spring embedded WebApplicationContext
2022-11-07 10:44:07.082  INFO 15000 --- [restartedMain] w.s.c.ServletWebServerApplicationContext : Root WebApplicationContext: initialization completed in 512 ms
2022-11-07 10:44:07.171  INFO 15000 --- [restartedMain] o.hibernate.jpa.internal.util.LogHelper  : HHH000204: Processing PersistenceUnitInfo [name: default]
2022-11-07 10:44:07.189  INFO 15000 --- [restartedMain] com.zaxxer.hikari.HikariDataSource       : HikariPool-2 - Starting...
2022-11-07 10:44:07.195  INFO 15000 --- [restartedMain] com.zaxxer.hikari.HikariDataSource       : HikariPool-2 - Start completed.
2022-11-07 10:44:07.196  INFO 15000 --- [restartedMain] org.hibernate.dialect.Dialect            : HHH000400: Using dialect: org.hibernate.dialect.MariaDBDialect
2022-11-07 10:44:07.199  INFO 15000 --- [restartedMain] o.h.e.boot.internal.EnversServiceImpl    : Envers integration enabled? : true
2022-11-07 10:44:07.570  INFO 15000 --- [restartedMain] o.h.e.t.j.p.i.JtaPlatformInitiator       : HHH000490: Using JtaPlatform implementation: [org.hibernate.engine.transaction.jta.platform.internal.NoJtaPlatform]
2022-11-07 10:44:07.571  INFO 15000 --- [restartedMain] j.LocalContainerEntityManagerFactoryBean : Initialized JPA EntityManagerFactory for persistence unit 'default'
2022-11-07 10:44:07.907  INFO 15000 --- [restartedMain] o.s.s.web.DefaultSecurityFilterChain     : Will secure any request with [org.springframework.security.web.session.DisableEncodeUrlFilter@7d7d57ea, org.springframework.security.web.context.request.async.WebAsyncManagerIntegrationFilter@22c61a36, org.springframework.security.web.context.SecurityContextPersistenceFilter@6667683b, org.springframework.security.web.header.HeaderWriterFilter@4f7fad8d, org.springframework.security.web.authentication.logout.LogoutFilter@3ca9012a, org.springframework.security.web.authentication.UsernamePasswordAuthenticationFilter@f6de08b, org.springframework.security.web.savedrequest.RequestCacheAwareFilter@4ac36246, org.springframework.security.web.servletapi.SecurityContextHolderAwareRequestFilter@7862ad56, org.springframework.security.web.authentication.AnonymousAuthenticationFilter@a711d42, org.springframework.security.web.session.SessionManagementFilter@416b1851, org.springframework.security.web.access.ExceptionTranslationFilter@43bdf6bf, org.springframework.security.web.access.intercept.FilterSecurityInterceptor@5cfe9c30]
2022-11-07 10:44:07.941  WARN 15000 --- [restartedMain] JpaBaseConfiguration$JpaWebConfiguration : spring.jpa.open-in-view is enabled by default. Therefore, database queries may be performed during view rendering. Explicitly configure spring.jpa.open-in-view to disable this warning
2022-11-07 10:44:08.222  INFO 15000 --- [restartedMain] o.s.b.d.a.OptionalLiveReloadServer       : LiveReload server is running on port 35729
2022-11-07 10:44:08.252  INFO 15000 --- [restartedMain] o.s.b.w.embedded.tomcat.TomcatWebServer  : Tomcat started on port(s): 8080 (http) with context path ''
2022-11-07 10:44:08.262  INFO 15000 --- [restartedMain] com.Howard.CaseStudy1Application         : Started CaseStudy1Application in 1.758 seconds (JVM running for 216.096)
2022-11-07 10:44:08.265  INFO 15000 --- [restartedMain] .ConditionEvaluationDeltaLoggingListener : Condition evaluation unchanged
2022-11-07 10:44:11.803  INFO 15000 --- [File Watcher] rtingClassPathChangeChangedEventListener : Restarting due to 3 class path changes (0 additions, 0 deletions, 3 modifications)
2022-11-07 10:44:11.815  INFO 15000 --- [Thread-7] o.apache.catalina.core.StandardService   : Stopping service [Tomcat]
2022-11-07 10:44:11.820  INFO 15000 --- [Thread-7] j.LocalContainerEntityManagerFactoryBean : Closing JPA EntityManagerFactory for persistence unit 'default'
2022-11-07 10:44:11.821  INFO 15000 --- [Thread-7] com.zaxxer.hikari.HikariDataSource       : HikariPool-2 - Shutdown initiated...
2022-11-07 10:44:11.824  INFO 15000 --- [Thread-7] com.zaxxer.hikari.HikariDataSource       : HikariPool-2 - Shutdown completed.
2022-11-07 10:44:11.907  INFO 15000 --- [restartedMain] com.Howard.CaseStudy1Application         : Starting CaseStudy1Application using Java 17.0.3 on DESKTOP-DB0LMFE with PID 15000 (D:\Gary Howard\Documents\SpringWorkspace\Howard_Gary_CollectionManager_CaseStudy\target\classes started by Gary Howard in D:\Gary Howard\Documents\SpringWorkspace\Howard_Gary_CollectionManager_CaseStudy)
2022-11-07 10:44:11.907  INFO 15000 --- [restartedMain] com.Howard.CaseStudy1Application         : No active profile set, falling back to 1 default profile: "default"
2022-11-07 10:44:12.106  INFO 15000 --- [restartedMain] .s.d.r.c.RepositoryConfigurationDelegate : Bootstrapping Spring Data JPA repositories in DEFAULT mode.
2022-11-07 10:44:12.148  INFO 15000 --- [restartedMain] .s.d.r.c.RepositoryConfigurationDelegate : Finished Spring Data repository scanning in 41 ms. Found 6 JPA repository interfaces.
2022-11-07 10:44:12.236  INFO 15000 --- [restartedMain] o.s.b.w.embedded.tomcat.TomcatWebServer  : Tomcat initialized with port(s): 8080 (http)
2022-11-07 10:44:12.237  INFO 15000 --- [restartedMain] o.apache.catalina.core.StandardService   : Starting service [Tomcat]
2022-11-07 10:44:12.238  INFO 15000 --- [restartedMain] org.apache.catalina.core.StandardEngine  : Starting Servlet engine: [Apache Tomcat/9.0.65]
2022-11-07 10:44:12.265  INFO 15000 --- [restartedMain] o.a.c.c.C.[Tomcat].[localhost].[/]       : Initializing Spring embedded WebApplicationContext
2022-11-07 10:44:12.265  INFO 15000 --- [restartedMain] w.s.c.ServletWebServerApplicationContext : Root WebApplicationContext: initialization completed in 355 ms
2022-11-07 10:44:12.305  INFO 15000 --- [restartedMain] o.hibernate.jpa.internal.util.LogHelper  : HHH000204: Processing PersistenceUnitInfo [name: default]
2022-11-07 10:44:12.316  INFO 15000 --- [restartedMain] com.zaxxer.hikari.HikariDataSource       : HikariPool-3 - Starting...
2022-11-07 10:44:12.319  INFO 15000 --- [restartedMain] com.zaxxer.hikari.HikariDataSource       : HikariPool-3 - Start completed.
2022-11-07 10:44:12.319  INFO 15000 --- [restartedMain] org.hibernate.dialect.Dialect            : HHH000400: Using dialect: org.hibernate.dialect.MariaDBDialect
2022-11-07 10:44:12.322  INFO 15000 --- [restartedMain] o.h.e.boot.internal.EnversServiceImpl    : Envers integration enabled? : true
2022-11-07 10:44:12.481  INFO 15000 --- [restartedMain] o.h.e.t.j.p.i.JtaPlatformInitiator       : HHH000490: Using JtaPlatform implementation: [org.hibernate.engine.transaction.jta.platform.internal.NoJtaPlatform]
2022-11-07 10:44:12.481  INFO 15000 --- [restartedMain] j.LocalContainerEntityManagerFactoryBean : Initialized JPA EntityManagerFactory for persistence unit 'default'
2022-11-07 10:44:12.730  INFO 15000 --- [restartedMain] o.s.s.web.DefaultSecurityFilterChain     : Will secure any request with [org.springframework.security.web.session.DisableEncodeUrlFilter@2ecd7279, org.springframework.security.web.context.request.async.WebAsyncManagerIntegrationFilter@13d636e, org.springframework.security.web.context.SecurityContextPersistenceFilter@1c6215f2, org.springframework.security.web.header.HeaderWriterFilter@3c50436a, org.springframework.security.web.authentication.logout.LogoutFilter@6ab163dd, org.springframework.security.web.authentication.UsernamePasswordAuthenticationFilter@52d5ef06, org.springframework.security.web.savedrequest.RequestCacheAwareFilter@16e50c69, org.springframework.security.web.servletapi.SecurityContextHolderAwareRequestFilter@281056cc, org.springframework.security.web.authentication.AnonymousAuthenticationFilter@a471bac, org.springframework.security.web.session.SessionManagementFilter@79caf0, org.springframework.security.web.access.ExceptionTranslationFilter@26358710, org.springframework.security.web.access.intercept.FilterSecurityInterceptor@7cbef9fc]
2022-11-07 10:44:12.739  WARN 15000 --- [restartedMain] JpaBaseConfiguration$JpaWebConfiguration : spring.jpa.open-in-view is enabled by default. Therefore, database queries may be performed during view rendering. Explicitly configure spring.jpa.open-in-view to disable this warning
2022-11-07 10:44:12.823  INFO 15000 --- [restartedMain] o.s.b.d.a.OptionalLiveReloadServer       : LiveReload server is running on port 35729
2022-11-07 10:44:12.834  INFO 15000 --- [restartedMain] o.s.b.w.embedded.tomcat.TomcatWebServer  : Tomcat started on port(s): 8080 (http) with context path ''
2022-11-07 10:44:12.843  INFO 15000 --- [restartedMain] com.Howard.CaseStudy1Application         : Started CaseStudy1Application in 0.972 seconds (JVM running for 220.676)
2022-11-07 10:44:12.845  INFO 15000 --- [restartedMain] .ConditionEvaluationDeltaLoggingListener : Condition evaluation unchanged
2022-11-07 10:47:18.477  INFO 15000 --- [File Watcher] rtingClassPathChangeChangedEventListener : Restarting due to 3 class path changes (1 addition, 0 deletions, 2 modifications)
2022-11-07 10:47:18.490  INFO 15000 --- [Thread-11] o.apache.catalina.core.StandardService   : Stopping service [Tomcat]
2022-11-07 10:47:18.496  INFO 15000 --- [Thread-11] j.LocalContainerEntityManagerFactoryBean : Closing JPA EntityManagerFactory for persistence unit 'default'
2022-11-07 10:47:18.496  INFO 15000 --- [Thread-11] com.zaxxer.hikari.HikariDataSource       : HikariPool-3 - Shutdown initiated...
2022-11-07 10:47:18.499  INFO 15000 --- [Thread-11] com.zaxxer.hikari.HikariDataSource       : HikariPool-3 - Shutdown completed.
2022-11-07 10:47:18.593  INFO 15000 --- [restartedMain] com.Howard.CaseStudy1Application         : Starting CaseStudy1Application using Java 17.0.3 on DESKTOP-DB0LMFE with PID 15000 (D:\Gary Howard\Documents\SpringWorkspace\Howard_Gary_CollectionManager_CaseStudy\target\classes started by Gary Howard in D:\Gary Howard\Documents\SpringWorkspace\Howard_Gary_CollectionManager_CaseStudy)
2022-11-07 10:47:18.593  INFO 15000 --- [restartedMain] com.Howard.CaseStudy1Application         : No active profile set, falling back to 1 default profile: "default"
2022-11-07 10:47:18.810  INFO 15000 --- [restartedMain] .s.d.r.c.RepositoryConfigurationDelegate : Bootstrapping Spring Data JPA repositories in DEFAULT mode.
2022-11-07 10:47:18.844  INFO 15000 --- [restartedMain] .s.d.r.c.RepositoryConfigurationDelegate : Finished Spring Data repository scanning in 33 ms. Found 6 JPA repository interfaces.
2022-11-07 10:47:18.936  INFO 15000 --- [restartedMain] o.s.b.w.embedded.tomcat.TomcatWebServer  : Tomcat initialized with port(s): 8080 (http)
2022-11-07 10:47:18.936  INFO 15000 --- [restartedMain] o.apache.catalina.core.StandardService   : Starting service [Tomcat]
2022-11-07 10:47:18.936  INFO 15000 --- [restartedMain] org.apache.catalina.core.StandardEngine  : Starting Servlet engine: [Apache Tomcat/9.0.65]
2022-11-07 10:47:18.961  INFO 15000 --- [restartedMain] o.a.c.c.C.[Tomcat].[localhost].[/]       : Initializing Spring embedded WebApplicationContext
2022-11-07 10:47:18.961  INFO 15000 --- [restartedMain] w.s.c.ServletWebServerApplicationContext : Root WebApplicationContext: initialization completed in 365 ms
2022-11-07 10:47:19.008  INFO 15000 --- [restartedMain] o.hibernate.jpa.internal.util.LogHelper  : HHH000204: Processing PersistenceUnitInfo [name: default]
2022-11-07 10:47:19.021  INFO 15000 --- [restartedMain] com.zaxxer.hikari.HikariDataSource       : HikariPool-4 - Starting...
2022-11-07 10:47:19.025  INFO 15000 --- [restartedMain] com.zaxxer.hikari.HikariDataSource       : HikariPool-4 - Start completed.
2022-11-07 10:47:19.025  INFO 15000 --- [restartedMain] org.hibernate.dialect.Dialect            : HHH000400: Using dialect: org.hibernate.dialect.MariaDBDialect
2022-11-07 10:47:19.029  INFO 15000 --- [restartedMain] o.h.e.boot.internal.EnversServiceImpl    : Envers integration enabled? : true
2022-11-07 10:47:19.169  INFO 15000 --- [restartedMain] o.h.e.t.j.p.i.JtaPlatformInitiator       : HHH000490: Using JtaPlatform implementation: [org.hibernate.engine.transaction.jta.platform.internal.NoJtaPlatform]
2022-11-07 10:47:19.170  INFO 15000 --- [restartedMain] j.LocalContainerEntityManagerFactoryBean : Initialized JPA EntityManagerFactory for persistence unit 'default'
2022-11-07 10:47:19.448  INFO 15000 --- [restartedMain] o.s.s.web.DefaultSecurityFilterChain     : Will secure any request with [org.springframework.security.web.session.DisableEncodeUrlFilter@4ff1303f, org.springframework.security.web.context.request.async.WebAsyncManagerIntegrationFilter@5043761b, org.springframework.security.web.context.SecurityContextPersistenceFilter@20407a51, org.springframework.security.web.header.HeaderWriterFilter@4eec246c, org.springframework.security.web.authentication.logout.LogoutFilter@4256fa12, org.springframework.security.web.authentication.UsernamePasswordAuthenticationFilter@37ac2d57, org.springframework.security.web.savedrequest.RequestCacheAwareFilter@7a054cf6, org.springframework.security.web.servletapi.SecurityContextHolderAwareRequestFilter@55e5c89e, org.springframework.security.web.authentication.AnonymousAuthenticationFilter@6bffb81d, org.springframework.security.web.session.SessionManagementFilter@5ea75e79, org.springframework.security.web.access.ExceptionTranslationFilter@43f33d82, org.springframework.security.web.access.intercept.FilterSecurityInterceptor@72d93bdd]
2022-11-07 10:47:19.463  WARN 15000 --- [restartedMain] JpaBaseConfiguration$JpaWebConfiguration : spring.jpa.open-in-view is enabled by default. Therefore, database queries may be performed during view rendering. Explicitly configure spring.jpa.open-in-view to disable this warning
2022-11-07 10:47:19.559  INFO 15000 --- [restartedMain] o.s.b.d.a.OptionalLiveReloadServer       : LiveReload server is running on port 35729
2022-11-07 10:47:19.571  INFO 15000 --- [restartedMain] o.s.b.w.embedded.tomcat.TomcatWebServer  : Tomcat started on port(s): 8080 (http) with context path ''
2022-11-07 10:47:19.578  INFO 15000 --- [restartedMain] com.Howard.CaseStudy1Application         : Started CaseStudy1Application in 1.025 seconds (JVM running for 407.411)
2022-11-07 10:47:19.587  INFO 15000 --- [restartedMain] .ConditionEvaluationDeltaLoggingListener : Condition evaluation unchanged
2022-11-07 10:47:26.379  INFO 15000 --- [File Watcher] rtingClassPathChangeChangedEventListener : Restarting due to 2 class path changes (0 additions, 0 deletions, 2 modifications)
2022-11-07 10:47:26.392  INFO 15000 --- [Thread-15] o.apache.catalina.core.StandardService   : Stopping service [Tomcat]
2022-11-07 10:47:26.398  INFO 15000 --- [Thread-15] j.LocalContainerEntityManagerFactoryBean : Closing JPA EntityManagerFactory for persistence unit 'default'
2022-11-07 10:47:26.398  INFO 15000 --- [Thread-15] com.zaxxer.hikari.HikariDataSource       : HikariPool-4 - Shutdown initiated...
2022-11-07 10:47:26.401  INFO 15000 --- [Thread-15] com.zaxxer.hikari.HikariDataSource       : HikariPool-4 - Shutdown completed.
2022-11-07 10:47:26.496  INFO 15000 --- [restartedMain] com.Howard.CaseStudy1Application         : Starting CaseStudy1Application using Java 17.0.3 on DESKTOP-DB0LMFE with PID 15000 (D:\Gary Howard\Documents\SpringWorkspace\Howard_Gary_CollectionManager_CaseStudy\target\classes started by Gary Howard in D:\Gary Howard\Documents\SpringWorkspace\Howard_Gary_CollectionManager_CaseStudy)
2022-11-07 10:47:26.496  INFO 15000 --- [restartedMain] com.Howard.CaseStudy1Application         : No active profile set, falling back to 1 default profile: "default"
2022-11-07 10:47:26.709  INFO 15000 --- [restartedMain] .s.d.r.c.RepositoryConfigurationDelegate : Bootstrapping Spring Data JPA repositories in DEFAULT mode.
2022-11-07 10:47:26.749  INFO 15000 --- [restartedMain] .s.d.r.c.RepositoryConfigurationDelegate : Finished Spring Data repository scanning in 39 ms. Found 6 JPA repository interfaces.
2022-11-07 10:47:26.836  INFO 15000 --- [restartedMain] o.s.b.w.embedded.tomcat.TomcatWebServer  : Tomcat initialized with port(s): 8080 (http)
2022-11-07 10:47:26.837  INFO 15000 --- [restartedMain] o.apache.catalina.core.StandardService   : Starting service [Tomcat]
2022-11-07 10:47:26.837  INFO 15000 --- [restartedMain] org.apache.catalina.core.StandardEngine  : Starting Servlet engine: [Apache Tomcat/9.0.65]
2022-11-07 10:47:26.861  INFO 15000 --- [restartedMain] o.a.c.c.C.[Tomcat].[localhost].[/]       : Initializing Spring embedded WebApplicationContext
2022-11-07 10:47:26.861  INFO 15000 --- [restartedMain] w.s.c.ServletWebServerApplicationContext : Root WebApplicationContext: initialization completed in 362 ms
2022-11-07 10:47:26.905  INFO 15000 --- [restartedMain] o.hibernate.jpa.internal.util.LogHelper  : HHH000204: Processing PersistenceUnitInfo [name: default]
2022-11-07 10:47:26.917  INFO 15000 --- [restartedMain] com.zaxxer.hikari.HikariDataSource       : HikariPool-5 - Starting...
2022-11-07 10:47:26.919  INFO 15000 --- [restartedMain] com.zaxxer.hikari.HikariDataSource       : HikariPool-5 - Start completed.
2022-11-07 10:47:26.920  INFO 15000 --- [restartedMain] org.hibernate.dialect.Dialect            : HHH000400: Using dialect: org.hibernate.dialect.MariaDBDialect
2022-11-07 10:47:26.922  INFO 15000 --- [restartedMain] o.h.e.boot.internal.EnversServiceImpl    : Envers integration enabled? : true
2022-11-07 10:47:27.059  INFO 15000 --- [restartedMain] o.h.e.t.j.p.i.JtaPlatformInitiator       : HHH000490: Using JtaPlatform implementation: [org.hibernate.engine.transaction.jta.platform.internal.NoJtaPlatform]
2022-11-07 10:47:27.059  INFO 15000 --- [restartedMain] j.LocalContainerEntityManagerFactoryBean : Initialized JPA EntityManagerFactory for persistence unit 'default'
2022-11-07 10:47:27.306  INFO 15000 --- [restartedMain] o.s.s.web.DefaultSecurityFilterChain     : Will secure any request with [org.springframework.security.web.session.DisableEncodeUrlFilter@749ee596, org.springframework.security.web.context.request.async.WebAsyncManagerIntegrationFilter@531d5d6f, org.springframework.security.web.context.SecurityContextPersistenceFilter@2fe5ce05, org.springframework.security.web.header.HeaderWriterFilter@78289691, org.springframework.security.web.authentication.logout.LogoutFilter@318f0734, org.springframework.security.web.authentication.UsernamePasswordAuthenticationFilter@49840d87, org.springframework.security.web.savedrequest.RequestCacheAwareFilter@e40c0e8, org.springframework.security.web.servletapi.SecurityContextHolderAwareRequestFilter@326053af, org.springframework.security.web.authentication.AnonymousAuthenticationFilter@7e35c6c4, org.springframework.security.web.session.SessionManagementFilter@524a0669, org.springframework.security.web.access.ExceptionTranslationFilter@66f8ef8e, org.springframework.security.web.access.intercept.FilterSecurityInterceptor@16a7745c]
2022-11-07 10:47:27.315  WARN 15000 --- [restartedMain] JpaBaseConfiguration$JpaWebConfiguration : spring.jpa.open-in-view is enabled by default. Therefore, database queries may be performed during view rendering. Explicitly configure spring.jpa.open-in-view to disable this warning
2022-11-07 10:47:27.403  INFO 15000 --- [restartedMain] o.s.b.d.a.OptionalLiveReloadServer       : LiveReload server is running on port 35729
2022-11-07 10:47:27.415  INFO 15000 --- [restartedMain] o.s.b.w.embedded.tomcat.TomcatWebServer  : Tomcat started on port(s): 8080 (http) with context path ''
2022-11-07 10:47:27.422  INFO 15000 --- [restartedMain] com.Howard.CaseStudy1Application         : Started CaseStudy1Application in 0.972 seconds (JVM running for 415.256)
2022-11-07 10:47:27.423  INFO 15000 --- [restartedMain] .ConditionEvaluationDeltaLoggingListener : Condition evaluation unchanged
2022-11-07 10:48:36.087  INFO 15000 --- [File Watcher] rtingClassPathChangeChangedEventListener : Restarting due to 2 class path changes (0 additions, 0 deletions, 2 modifications)
2022-11-07 10:48:36.099  INFO 15000 --- [Thread-19] o.apache.catalina.core.StandardService   : Stopping service [Tomcat]
2022-11-07 10:48:36.106  INFO 15000 --- [Thread-19] j.LocalContainerEntityManagerFactoryBean : Closing JPA EntityManagerFactory for persistence unit 'default'
2022-11-07 10:48:36.106  INFO 15000 --- [Thread-19] com.zaxxer.hikari.HikariDataSource       : HikariPool-5 - Shutdown initiated...
2022-11-07 10:48:36.109  INFO 15000 --- [Thread-19] com.zaxxer.hikari.HikariDataSource       : HikariPool-5 - Shutdown completed.
2022-11-07 10:48:36.193  INFO 15000 --- [restartedMain] com.Howard.CaseStudy1Application         : Starting CaseStudy1Application using Java 17.0.3 on DESKTOP-DB0LMFE with PID 15000 (D:\Gary Howard\Documents\SpringWorkspace\Howard_Gary_CollectionManager_CaseStudy\target\classes started by Gary Howard in D:\Gary Howard\Documents\SpringWorkspace\Howard_Gary_CollectionManager_CaseStudy)
2022-11-07 10:48:36.194  INFO 15000 --- [restartedMain] com.Howard.CaseStudy1Application         : No active profile set, falling back to 1 default profile: "default"
2022-11-07 10:48:36.405  INFO 15000 --- [restartedMain] .s.d.r.c.RepositoryConfigurationDelegate : Bootstrapping Spring Data JPA repositories in DEFAULT mode.
2022-11-07 10:48:36.442  INFO 15000 --- [restartedMain] .s.d.r.c.RepositoryConfigurationDelegate : Finished Spring Data repository scanning in 36 ms. Found 6 JPA repository interfaces.
2022-11-07 10:48:36.519  INFO 15000 --- [restartedMain] o.s.b.w.embedded.tomcat.TomcatWebServer  : Tomcat initialized with port(s): 8080 (http)
2022-11-07 10:48:36.519  INFO 15000 --- [restartedMain] o.apache.catalina.core.StandardService   : Starting service [Tomcat]
2022-11-07 10:48:36.520  INFO 15000 --- [restartedMain] org.apache.catalina.core.StandardEngine  : Starting Servlet engine: [Apache Tomcat/9.0.65]
2022-11-07 10:48:36.543  INFO 15000 --- [restartedMain] o.a.c.c.C.[Tomcat].[localhost].[/]       : Initializing Spring embedded WebApplicationContext
2022-11-07 10:48:36.543  INFO 15000 --- [restartedMain] w.s.c.ServletWebServerApplicationContext : Root WebApplicationContext: initialization completed in 346 ms
2022-11-07 10:48:36.581  INFO 15000 --- [restartedMain] o.hibernate.jpa.internal.util.LogHelper  : HHH000204: Processing PersistenceUnitInfo [name: default]
2022-11-07 10:48:36.592  INFO 15000 --- [restartedMain] com.zaxxer.hikari.HikariDataSource       : HikariPool-6 - Starting...
2022-11-07 10:48:36.594  INFO 15000 --- [restartedMain] com.zaxxer.hikari.HikariDataSource       : HikariPool-6 - Start completed.
2022-11-07 10:48:36.595  INFO 15000 --- [restartedMain] org.hibernate.dialect.Dialect            : HHH000400: Using dialect: org.hibernate.dialect.MariaDBDialect
2022-11-07 10:48:36.597  INFO 15000 --- [restartedMain] o.h.e.boot.internal.EnversServiceImpl    : Envers integration enabled? : true
2022-11-07 10:48:36.706  INFO 15000 --- [restartedMain] o.h.e.t.j.p.i.JtaPlatformInitiator       : HHH000490: Using JtaPlatform implementation: [org.hibernate.engine.transaction.jta.platform.internal.NoJtaPlatform]
2022-11-07 10:48:36.706  INFO 15000 --- [restartedMain] j.LocalContainerEntityManagerFactoryBean : Initialized JPA EntityManagerFactory for persistence unit 'default'
2022-11-07 10:48:36.937  INFO 15000 --- [restartedMain] o.s.s.web.DefaultSecurityFilterChain     : Will secure any request with [org.springframework.security.web.session.DisableEncodeUrlFilter@3f2e9116, org.springframework.security.web.context.request.async.WebAsyncManagerIntegrationFilter@7b743d96, org.springframework.security.web.context.SecurityContextPersistenceFilter@4dc264d, org.springframework.security.web.header.HeaderWriterFilter@2d04c6cb, org.springframework.security.web.authentication.logout.LogoutFilter@6a0c47e2, org.springframework.security.web.authentication.UsernamePasswordAuthenticationFilter@19e1eef6, org.springframework.security.web.savedrequest.RequestCacheAwareFilter@4b0de015, org.springframework.security.web.servletapi.SecurityContextHolderAwareRequestFilter@40345521, org.springframework.security.web.authentication.AnonymousAuthenticationFilter@fa346f6, org.springframework.security.web.session.SessionManagementFilter@5103cfe1, org.springframework.security.web.access.ExceptionTranslationFilter@3f1e001b, org.springframework.security.web.access.intercept.FilterSecurityInterceptor@3c590f49]
2022-11-07 10:48:36.946  WARN 15000 --- [restartedMain] JpaBaseConfiguration$JpaWebConfiguration : spring.jpa.open-in-view is enabled by default. Therefore, database queries may be performed during view rendering. Explicitly configure spring.jpa.open-in-view to disable this warning
2022-11-07 10:48:37.026  INFO 15000 --- [restartedMain] o.s.b.d.a.OptionalLiveReloadServer       : LiveReload server is running on port 35729
2022-11-07 10:48:37.039  INFO 15000 --- [restartedMain] o.s.b.w.embedded.tomcat.TomcatWebServer  : Tomcat started on port(s): 8080 (http) with context path ''
2022-11-07 10:48:37.053  INFO 15000 --- [restartedMain] com.Howard.CaseStudy1Application         : Started CaseStudy1Application in 0.899 seconds (JVM running for 484.886)
2022-11-07 10:48:37.055  INFO 15000 --- [restartedMain] .ConditionEvaluationDeltaLoggingListener : Condition evaluation unchanged
2022-11-07 10:52:19.858  INFO 15000 --- [File Watcher] rtingClassPathChangeChangedEventListener : Restarting due to 2 class path changes (0 additions, 0 deletions, 2 modifications)
2022-11-07 10:52:19.871  INFO 15000 --- [Thread-23] o.apache.catalina.core.StandardService   : Stopping service [Tomcat]
2022-11-07 10:52:19.877  INFO 15000 --- [Thread-23] j.LocalContainerEntityManagerFactoryBean : Closing JPA EntityManagerFactory for persistence unit 'default'
2022-11-07 10:52:19.877  INFO 15000 --- [Thread-23] com.zaxxer.hikari.HikariDataSource       : HikariPool-6 - Shutdown initiated...
2022-11-07 10:52:19.880  INFO 15000 --- [Thread-23] com.zaxxer.hikari.HikariDataSource       : HikariPool-6 - Shutdown completed.
2022-11-07 10:52:19.958  INFO 15000 --- [restartedMain] com.Howard.CaseStudy1Application         : Starting CaseStudy1Application using Java 17.0.3 on DESKTOP-DB0LMFE with PID 15000 (D:\Gary Howard\Documents\SpringWorkspace\Howard_Gary_CollectionManager_CaseStudy\target\classes started by Gary Howard in D:\Gary Howard\Documents\SpringWorkspace\Howard_Gary_CollectionManager_CaseStudy)
2022-11-07 10:52:19.958  INFO 15000 --- [restartedMain] com.Howard.CaseStudy1Application         : No active profile set, falling back to 1 default profile: "default"
2022-11-07 10:52:20.146  INFO 15000 --- [restartedMain] .s.d.r.c.RepositoryConfigurationDelegate : Bootstrapping Spring Data JPA repositories in DEFAULT mode.
2022-11-07 10:52:20.184  INFO 15000 --- [restartedMain] .s.d.r.c.RepositoryConfigurationDelegate : Finished Spring Data repository scanning in 37 ms. Found 6 JPA repository interfaces.
2022-11-07 10:52:20.271  INFO 15000 --- [restartedMain] o.s.b.w.embedded.tomcat.TomcatWebServer  : Tomcat initialized with port(s): 8080 (http)
2022-11-07 10:52:20.272  INFO 15000 --- [restartedMain] o.apache.catalina.core.StandardService   : Starting service [Tomcat]
2022-11-07 10:52:20.273  INFO 15000 --- [restartedMain] org.apache.catalina.core.StandardEngine  : Starting Servlet engine: [Apache Tomcat/9.0.65]
2022-11-07 10:52:20.295  INFO 15000 --- [restartedMain] o.a.c.c.C.[Tomcat].[localhost].[/]       : Initializing Spring embedded WebApplicationContext
2022-11-07 10:52:20.295  INFO 15000 --- [restartedMain] w.s.c.ServletWebServerApplicationContext : Root WebApplicationContext: initialization completed in 335 ms
2022-11-07 10:52:20.330  INFO 15000 --- [restartedMain] o.hibernate.jpa.internal.util.LogHelper  : HHH000204: Processing PersistenceUnitInfo [name: default]
2022-11-07 10:52:20.342  INFO 15000 --- [restartedMain] com.zaxxer.hikari.HikariDataSource       : HikariPool-7 - Starting...
2022-11-07 10:52:20.345  INFO 15000 --- [restartedMain] com.zaxxer.hikari.HikariDataSource       : HikariPool-7 - Start completed.
2022-11-07 10:52:20.346  INFO 15000 --- [restartedMain] org.hibernate.dialect.Dialect            : HHH000400: Using dialect: org.hibernate.dialect.MariaDBDialect
2022-11-07 10:52:20.348  INFO 15000 --- [restartedMain] o.h.e.boot.internal.EnversServiceImpl    : Envers integration enabled? : true
2022-11-07 10:52:20.471  INFO 15000 --- [restartedMain] o.h.e.t.j.p.i.JtaPlatformInitiator       : HHH000490: Using JtaPlatform implementation: [org.hibernate.engine.transaction.jta.platform.internal.NoJtaPlatform]
2022-11-07 10:52:20.472  INFO 15000 --- [restartedMain] j.LocalContainerEntityManagerFactoryBean : Initialized JPA EntityManagerFactory for persistence unit 'default'
2022-11-07 10:52:20.720  INFO 15000 --- [restartedMain] o.s.s.web.DefaultSecurityFilterChain     : Will secure any request with [org.springframework.security.web.session.DisableEncodeUrlFilter@23bcd0da, org.springframework.security.web.context.request.async.WebAsyncManagerIntegrationFilter@da26799, org.springframework.security.web.context.SecurityContextPersistenceFilter@261226bb, org.springframework.security.web.header.HeaderWriterFilter@562bec25, org.springframework.security.web.authentication.logout.LogoutFilter@1c958c88, org.springframework.security.web.authentication.UsernamePasswordAuthenticationFilter@3fa48c0d, org.springframework.security.web.savedrequest.RequestCacheAwareFilter@52d0d3a1, org.springframework.security.web.servletapi.SecurityContextHolderAwareRequestFilter@5b93571a, org.springframework.security.web.authentication.AnonymousAuthenticationFilter@675caaac, org.springframework.security.web.session.SessionManagementFilter@4cf7822f, org.springframework.security.web.access.ExceptionTranslationFilter@14eaf0f, org.springframework.security.web.access.intercept.FilterSecurityInterceptor@7a9200c9]
2022-11-07 10:52:20.730  WARN 15000 --- [restartedMain] JpaBaseConfiguration$JpaWebConfiguration : spring.jpa.open-in-view is enabled by default. Therefore, database queries may be performed during view rendering. Explicitly configure spring.jpa.open-in-view to disable this warning
2022-11-07 10:52:20.815  INFO 15000 --- [restartedMain] o.s.b.d.a.OptionalLiveReloadServer       : LiveReload server is running on port 35729
2022-11-07 10:52:20.827  INFO 15000 --- [restartedMain] o.s.b.w.embedded.tomcat.TomcatWebServer  : Tomcat started on port(s): 8080 (http) with context path ''
2022-11-07 10:52:20.832  INFO 15000 --- [restartedMain] com.Howard.CaseStudy1Application         : Started CaseStudy1Application in 0.906 seconds (JVM running for 708.665)
2022-11-07 10:52:20.833  INFO 15000 --- [restartedMain] .ConditionEvaluationDeltaLoggingListener : Condition evaluation unchanged
2022-11-07 10:52:23.359  INFO 15000 --- [File Watcher] rtingClassPathChangeChangedEventListener : Restarting due to 2 class path changes (0 additions, 0 deletions, 2 modifications)
2022-11-07 10:52:23.370  INFO 15000 --- [Thread-27] o.apache.catalina.core.StandardService   : Stopping service [Tomcat]
2022-11-07 10:52:23.377  INFO 15000 --- [Thread-27] j.LocalContainerEntityManagerFactoryBean : Closing JPA EntityManagerFactory for persistence unit 'default'
2022-11-07 10:52:23.378  INFO 15000 --- [Thread-27] com.zaxxer.hikari.HikariDataSource       : HikariPool-7 - Shutdown initiated...
2022-11-07 10:52:23.380  INFO 15000 --- [Thread-27] com.zaxxer.hikari.HikariDataSource       : HikariPool-7 - Shutdown completed.
2022-11-07 10:52:23.460  INFO 15000 --- [restartedMain] com.Howard.CaseStudy1Application         : Starting CaseStudy1Application using Java 17.0.3 on DESKTOP-DB0LMFE with PID 15000 (D:\Gary Howard\Documents\SpringWorkspace\Howard_Gary_CollectionManager_CaseStudy\target\classes started by Gary Howard in D:\Gary Howard\Documents\SpringWorkspace\Howard_Gary_CollectionManager_CaseStudy)
2022-11-07 10:52:23.460  INFO 15000 --- [restartedMain] com.Howard.CaseStudy1Application         : No active profile set, falling back to 1 default profile: "default"
2022-11-07 10:52:23.645  INFO 15000 --- [restartedMain] .s.d.r.c.RepositoryConfigurationDelegate : Bootstrapping Spring Data JPA repositories in DEFAULT mode.
2022-11-07 10:52:23.680  INFO 15000 --- [restartedMain] .s.d.r.c.RepositoryConfigurationDelegate : Finished Spring Data repository scanning in 34 ms. Found 6 JPA repository interfaces.
2022-11-07 10:52:23.761  INFO 15000 --- [restartedMain] o.s.b.w.embedded.tomcat.TomcatWebServer  : Tomcat initialized with port(s): 8080 (http)
2022-11-07 10:52:23.761  INFO 15000 --- [restartedMain] o.apache.catalina.core.StandardService   : Starting service [Tomcat]
2022-11-07 10:52:23.761  INFO 15000 --- [restartedMain] org.apache.catalina.core.StandardEngine  : Starting Servlet engine: [Apache Tomcat/9.0.65]
2022-11-07 10:52:23.785  INFO 15000 --- [restartedMain] o.a.c.c.C.[Tomcat].[localhost].[/]       : Initializing Spring embedded WebApplicationContext
2022-11-07 10:52:23.785  INFO 15000 --- [restartedMain] w.s.c.ServletWebServerApplicationContext : Root WebApplicationContext: initialization completed in 323 ms
2022-11-07 10:52:23.837  INFO 15000 --- [restartedMain] o.hibernate.jpa.internal.util.LogHelper  : HHH000204: Processing PersistenceUnitInfo [name: default]
2022-11-07 10:52:23.855  INFO 15000 --- [restartedMain] com.zaxxer.hikari.HikariDataSource       : HikariPool-8 - Starting...
2022-11-07 10:52:23.871  INFO 15000 --- [restartedMain] com.zaxxer.hikari.HikariDataSource       : HikariPool-8 - Start completed.
2022-11-07 10:52:23.871  INFO 15000 --- [restartedMain] org.hibernate.dialect.Dialect            : HHH000400: Using dialect: org.hibernate.dialect.MariaDBDialect
2022-11-07 10:52:23.875  INFO 15000 --- [restartedMain] o.h.e.boot.internal.EnversServiceImpl    : Envers integration enabled? : true
2022-11-07 10:52:24.070  INFO 15000 --- [restartedMain] o.h.e.t.j.p.i.JtaPlatformInitiator       : HHH000490: Using JtaPlatform implementation: [org.hibernate.engine.transaction.jta.platform.internal.NoJtaPlatform]
2022-11-07 10:52:24.071  INFO 15000 --- [restartedMain] j.LocalContainerEntityManagerFactoryBean : Initialized JPA EntityManagerFactory for persistence unit 'default'
2022-11-07 10:52:24.328  INFO 15000 --- [restartedMain] o.s.s.web.DefaultSecurityFilterChain     : Will secure any request with [org.springframework.security.web.session.DisableEncodeUrlFilter@1a82e780, org.springframework.security.web.context.request.async.WebAsyncManagerIntegrationFilter@66f6940, org.springframework.security.web.context.SecurityContextPersistenceFilter@16ec92e4, org.springframework.security.web.header.HeaderWriterFilter@98a0e42, org.springframework.security.web.authentication.logout.LogoutFilter@626a614f, org.springframework.security.web.authentication.UsernamePasswordAuthenticationFilter@689d699, org.springframework.security.web.savedrequest.RequestCacheAwareFilter@579b9e42, org.springframework.security.web.servletapi.SecurityContextHolderAwareRequestFilter@e3a62ed, org.springframework.security.web.authentication.AnonymousAuthenticationFilter@3c3c21d3, org.springframework.security.web.session.SessionManagementFilter@ef216b1, org.springframework.security.web.access.ExceptionTranslationFilter@64b4b053, org.springframework.security.web.access.intercept.FilterSecurityInterceptor@82659ff]
2022-11-07 10:52:24.338  WARN 15000 --- [restartedMain] JpaBaseConfiguration$JpaWebConfiguration : spring.jpa.open-in-view is enabled by default. Therefore, database queries may be performed during view rendering. Explicitly configure spring.jpa.open-in-view to disable this warning
2022-11-07 10:52:24.431  INFO 15000 --- [restartedMain] o.s.b.d.a.OptionalLiveReloadServer       : LiveReload server is running on port 35729
2022-11-07 10:52:24.445  INFO 15000 --- [restartedMain] o.s.b.w.embedded.tomcat.TomcatWebServer  : Tomcat started on port(s): 8080 (http) with context path ''
2022-11-07 10:52:24.451  INFO 15000 --- [restartedMain] com.Howard.CaseStudy1Application         : Started CaseStudy1Application in 1.025 seconds (JVM running for 712.284)
2022-11-07 10:52:24.453  INFO 15000 --- [restartedMain] .ConditionEvaluationDeltaLoggingListener : Condition evaluation unchanged
2022-11-07 10:52:34.345  INFO 15000 --- [File Watcher] rtingClassPathChangeChangedEventListener : Restarting due to 2 class path changes (0 additions, 0 deletions, 2 modifications)
2022-11-07 10:52:34.358  INFO 15000 --- [Thread-31] o.apache.catalina.core.StandardService   : Stopping service [Tomcat]
2022-11-07 10:52:34.363  INFO 15000 --- [Thread-31] j.LocalContainerEntityManagerFactoryBean : Closing JPA EntityManagerFactory for persistence unit 'default'
2022-11-07 10:52:34.364  INFO 15000 --- [Thread-31] com.zaxxer.hikari.HikariDataSource       : HikariPool-8 - Shutdown initiated...
2022-11-07 10:52:34.366  INFO 15000 --- [Thread-31] com.zaxxer.hikari.HikariDataSource       : HikariPool-8 - Shutdown completed.
2022-11-07 10:52:34.449  INFO 15000 --- [restartedMain] com.Howard.CaseStudy1Application         : Starting CaseStudy1Application using Java 17.0.3 on DESKTOP-DB0LMFE with PID 15000 (D:\Gary Howard\Documents\SpringWorkspace\Howard_Gary_CollectionManager_CaseStudy\target\classes started by Gary Howard in D:\Gary Howard\Documents\SpringWorkspace\Howard_Gary_CollectionManager_CaseStudy)
2022-11-07 10:52:34.449  INFO 15000 --- [restartedMain] com.Howard.CaseStudy1Application         : No active profile set, falling back to 1 default profile: "default"
2022-11-07 10:52:34.654  INFO 15000 --- [restartedMain] .s.d.r.c.RepositoryConfigurationDelegate : Bootstrapping Spring Data JPA repositories in DEFAULT mode.
2022-11-07 10:52:34.696  INFO 15000 --- [restartedMain] .s.d.r.c.RepositoryConfigurationDelegate : Finished Spring Data repository scanning in 42 ms. Found 6 JPA repository interfaces.
2022-11-07 10:52:34.783  INFO 15000 --- [restartedMain] o.s.b.w.embedded.tomcat.TomcatWebServer  : Tomcat initialized with port(s): 8080 (http)
2022-11-07 10:52:34.784  INFO 15000 --- [restartedMain] o.apache.catalina.core.StandardService   : Starting service [Tomcat]
2022-11-07 10:52:34.784  INFO 15000 --- [restartedMain] org.apache.catalina.core.StandardEngine  : Starting Servlet engine: [Apache Tomcat/9.0.65]
2022-11-07 10:52:34.808  INFO 15000 --- [restartedMain] o.a.c.c.C.[Tomcat].[localhost].[/]       : Initializing Spring embedded WebApplicationContext
2022-11-07 10:52:34.808  INFO 15000 --- [restartedMain] w.s.c.ServletWebServerApplicationContext : Root WebApplicationContext: initialization completed in 355 ms
2022-11-07 10:52:34.848  INFO 15000 --- [restartedMain] o.hibernate.jpa.internal.util.LogHelper  : HHH000204: Processing PersistenceUnitInfo [name: default]
2022-11-07 10:52:34.859  INFO 15000 --- [restartedMain] com.zaxxer.hikari.HikariDataSource       : HikariPool-9 - Starting...
2022-11-07 10:52:34.861  INFO 15000 --- [restartedMain] com.zaxxer.hikari.HikariDataSource       : HikariPool-9 - Start completed.
2022-11-07 10:52:34.861  INFO 15000 --- [restartedMain] org.hibernate.dialect.Dialect            : HHH000400: Using dialect: org.hibernate.dialect.MariaDBDialect
2022-11-07 10:52:34.864  INFO 15000 --- [restartedMain] o.h.e.boot.internal.EnversServiceImpl    : Envers integration enabled? : true
2022-11-07 10:52:34.984  INFO 15000 --- [restartedMain] o.h.e.t.j.p.i.JtaPlatformInitiator       : HHH000490: Using JtaPlatform implementation: [org.hibernate.engine.transaction.jta.platform.internal.NoJtaPlatform]
2022-11-07 10:52:34.984  INFO 15000 --- [restartedMain] j.LocalContainerEntityManagerFactoryBean : Initialized JPA EntityManagerFactory for persistence unit 'default'
2022-11-07 10:52:35.215  INFO 15000 --- [restartedMain] o.s.s.web.DefaultSecurityFilterChain     : Will secure any request with [org.springframework.security.web.session.DisableEncodeUrlFilter@84f12df, org.springframework.security.web.context.request.async.WebAsyncManagerIntegrationFilter@2441f6ca, org.springframework.security.web.context.SecurityContextPersistenceFilter@173d296f, org.springframework.security.web.header.HeaderWriterFilter@5fa0651b, org.springframework.security.web.authentication.logout.LogoutFilter@7842caa5, org.springframework.security.web.authentication.UsernamePasswordAuthenticationFilter@7fa29bf6, org.springframework.security.web.savedrequest.RequestCacheAwareFilter@3147d36b, org.springframework.security.web.servletapi.SecurityContextHolderAwareRequestFilter@6d93e0e5, org.springframework.security.web.authentication.AnonymousAuthenticationFilter@1378c905, org.springframework.security.web.session.SessionManagementFilter@73e31a27, org.springframework.security.web.access.ExceptionTranslationFilter@72ba8cd7, org.springframework.security.web.access.intercept.FilterSecurityInterceptor@1a25a572]
2022-11-07 10:52:35.225  WARN 15000 --- [restartedMain] JpaBaseConfiguration$JpaWebConfiguration : spring.jpa.open-in-view is enabled by default. Therefore, database queries may be performed during view rendering. Explicitly configure spring.jpa.open-in-view to disable this warning
2022-11-07 10:52:35.304  INFO 15000 --- [restartedMain] o.s.b.d.a.OptionalLiveReloadServer       : LiveReload server is running on port 35729
2022-11-07 10:52:35.315  INFO 15000 --- [restartedMain] o.s.b.w.embedded.tomcat.TomcatWebServer  : Tomcat started on port(s): 8080 (http) with context path ''
2022-11-07 10:52:35.320  INFO 15000 --- [restartedMain] com.Howard.CaseStudy1Application         : Started CaseStudy1Application in 0.907 seconds (JVM running for 723.154)
2022-11-07 10:52:35.322  INFO 15000 --- [restartedMain] .ConditionEvaluationDeltaLoggingListener : Condition evaluation unchanged
2022-11-07 10:52:57.809  INFO 15000 --- [File Watcher] rtingClassPathChangeChangedEventListener : Restarting due to 2 class path changes (0 additions, 0 deletions, 2 modifications)
2022-11-07 10:52:57.821  INFO 15000 --- [Thread-35] o.apache.catalina.core.StandardService   : Stopping service [Tomcat]
2022-11-07 10:52:57.828  INFO 15000 --- [Thread-35] j.LocalContainerEntityManagerFactoryBean : Closing JPA EntityManagerFactory for persistence unit 'default'
2022-11-07 10:52:57.828  INFO 15000 --- [Thread-35] com.zaxxer.hikari.HikariDataSource       : HikariPool-9 - Shutdown initiated...
2022-11-07 10:52:57.830  INFO 15000 --- [Thread-35] com.zaxxer.hikari.HikariDataSource       : HikariPool-9 - Shutdown completed.
2022-11-07 10:52:57.914  INFO 15000 --- [restartedMain] com.Howard.CaseStudy1Application         : Starting CaseStudy1Application using Java 17.0.3 on DESKTOP-DB0LMFE with PID 15000 (D:\Gary Howard\Documents\SpringWorkspace\Howard_Gary_CollectionManager_CaseStudy\target\classes started by Gary Howard in D:\Gary Howard\Documents\SpringWorkspace\Howard_Gary_CollectionManager_CaseStudy)
2022-11-07 10:52:57.914  INFO 15000 --- [restartedMain] com.Howard.CaseStudy1Application         : No active profile set, falling back to 1 default profile: "default"
2022-11-07 10:52:58.246  INFO 15000 --- [restartedMain] .s.d.r.c.RepositoryConfigurationDelegate : Bootstrapping Spring Data JPA repositories in DEFAULT mode.
2022-11-07 10:52:58.280  INFO 15000 --- [restartedMain] .s.d.r.c.RepositoryConfigurationDelegate : Finished Spring Data repository scanning in 33 ms. Found 6 JPA repository interfaces.
2022-11-07 10:52:58.360  INFO 15000 --- [restartedMain] o.s.b.w.embedded.tomcat.TomcatWebServer  : Tomcat initialized with port(s): 8080 (http)
2022-11-07 10:52:58.360  INFO 15000 --- [restartedMain] o.apache.catalina.core.StandardService   : Starting service [Tomcat]
2022-11-07 10:52:58.360  INFO 15000 --- [restartedMain] org.apache.catalina.core.StandardEngine  : Starting Servlet engine: [Apache Tomcat/9.0.65]
2022-11-07 10:52:58.382  INFO 15000 --- [restartedMain] o.a.c.c.C.[Tomcat].[localhost].[/]       : Initializing Spring embedded WebApplicationContext
2022-11-07 10:52:58.382  INFO 15000 --- [restartedMain] w.s.c.ServletWebServerApplicationContext : Root WebApplicationContext: initialization completed in 466 ms
2022-11-07 10:52:58.422  INFO 15000 --- [restartedMain] o.hibernate.jpa.internal.util.LogHelper  : HHH000204: Processing PersistenceUnitInfo [name: default]
2022-11-07 10:52:58.431  INFO 15000 --- [restartedMain] com.zaxxer.hikari.HikariDataSource       : HikariPool-10 - Starting...
2022-11-07 10:52:58.434  INFO 15000 --- [restartedMain] com.zaxxer.hikari.HikariDataSource       : HikariPool-10 - Start completed.
2022-11-07 10:52:58.434  INFO 15000 --- [restartedMain] org.hibernate.dialect.Dialect            : HHH000400: Using dialect: org.hibernate.dialect.MariaDBDialect
2022-11-07 10:52:58.438  INFO 15000 --- [restartedMain] o.h.e.boot.internal.EnversServiceImpl    : Envers integration enabled? : true
2022-11-07 10:52:58.542  INFO 15000 --- [restartedMain] o.h.e.t.j.p.i.JtaPlatformInitiator       : HHH000490: Using JtaPlatform implementation: [org.hibernate.engine.transaction.jta.platform.internal.NoJtaPlatform]
2022-11-07 10:52:58.542  INFO 15000 --- [restartedMain] j.LocalContainerEntityManagerFactoryBean : Initialized JPA EntityManagerFactory for persistence unit 'default'
2022-11-07 10:52:58.770  INFO 15000 --- [restartedMain] o.s.s.web.DefaultSecurityFilterChain     : Will secure any request with [org.springframework.security.web.session.DisableEncodeUrlFilter@735e6a07, org.springframework.security.web.context.request.async.WebAsyncManagerIntegrationFilter@841c7f8, org.springframework.security.web.context.SecurityContextPersistenceFilter@348daf15, org.springframework.security.web.header.HeaderWriterFilter@2ba70a2d, org.springframework.security.web.authentication.logout.LogoutFilter@4c74f32c, org.springframework.security.web.authentication.UsernamePasswordAuthenticationFilter@733e9d44, org.springframework.security.web.savedrequest.RequestCacheAwareFilter@34d2db75, org.springframework.security.web.servletapi.SecurityContextHolderAwareRequestFilter@273759a0, org.springframework.security.web.authentication.AnonymousAuthenticationFilter@63773153, org.springframework.security.web.session.SessionManagementFilter@2e4383d0, org.springframework.security.web.access.ExceptionTranslationFilter@ab15dcc, org.springframework.security.web.access.intercept.FilterSecurityInterceptor@20c96289]
2022-11-07 10:52:58.780  WARN 15000 --- [restartedMain] JpaBaseConfiguration$JpaWebConfiguration : spring.jpa.open-in-view is enabled by default. Therefore, database queries may be performed during view rendering. Explicitly configure spring.jpa.open-in-view to disable this warning
2022-11-07 10:52:58.869  INFO 15000 --- [restartedMain] o.s.b.d.a.OptionalLiveReloadServer       : LiveReload server is running on port 35729
2022-11-07 10:52:58.883  INFO 15000 --- [restartedMain] o.s.b.w.embedded.tomcat.TomcatWebServer  : Tomcat started on port(s): 8080 (http) with context path ''
2022-11-07 10:52:58.898  INFO 15000 --- [restartedMain] com.Howard.CaseStudy1Application         : Started CaseStudy1Application in 1.019 seconds (JVM running for 746.731)
2022-11-07 10:52:58.899  INFO 15000 --- [restartedMain] .ConditionEvaluationDeltaLoggingListener : Condition evaluation unchanged
2022-11-07 10:52:59.701  INFO 15000 --- [RMI TCP Connection(38)-127.0.0.1] inMXBeanRegistrar$SpringApplicationAdmin : Application shutdown requested.
2022-11-07 10:52:59.713  INFO 15000 --- [RMI TCP Connection(38)-127.0.0.1] o.apache.catalina.core.StandardService   : Stopping service [Tomcat]
2022-11-07 10:52:59.719  INFO 15000 --- [RMI TCP Connection(38)-127.0.0.1] j.LocalContainerEntityManagerFactoryBean : Closing JPA EntityManagerFactory for persistence unit 'default'
2022-11-07 10:52:59.719  INFO 15000 --- [RMI TCP Connection(38)-127.0.0.1] com.zaxxer.hikari.HikariDataSource       : HikariPool-10 - Shutdown initiated...
2022-11-07 10:52:59.722  INFO 15000 --- [RMI TCP Connection(38)-127.0.0.1] com.zaxxer.hikari.HikariDataSource       : HikariPool-10 - Shutdown completed.
